<?xml version="1.0" encoding="UTF-8" standalone="no"?>
<!DOCTYPE log SYSTEM "logger.dtd">
<log>
<record>
  <date>2024-10-20T15:27:14.871032100Z</date>
  <millis>1729438034871</millis>
  <nanos>32100</nanos>
  <sequence>0</sequence>
  <logger>geometry2d.circle</logger>
  <level>SEVERE</level>
  <class>geometry2d.circle</class>
  <method>&lt;init&gt;</method>
  <thread>1</thread>
  <message>
The circle is created with a radius: 5.0</message>
</record>
<record>
  <date>2024-10-20T15:27:14.971994700Z</date>
  <millis>1729438034971</millis>
  <nanos>994700</nanos>
  <sequence>2</sequence>
  <logger>geometry2d.circle</logger>
  <level>SEVERE</level>
  <class>geometry2d.circle</class>
  <method>&lt;init&gt;</method>
  <thread>1</thread>
  <message>
Attempt to create a circle with a negative radius: -5.0</message>
</record>
</log>
